[backblue.gif]
[fade.gif]
[index.html]
[be-btc.com/index.html]
[be-btc.com/login.html]
[be-btc.com/css/bs_min.css]
[be-btc.com/js/jquery_min.js]
[be-btc.com/js/bs_min.js]
[be-btc.com/layui/css/layui.css]
[be-btc.com/layui/layui.all.js]
[be-btc.com/favicon.png]
[be-btc.com/image/4.jpg]
[be-btc.com/image/logolefttop.png]
[be-btc.com/image/rand/gen11.png]
[be-btc.com/forgetpass.html]
[be-btc.com/login.html]
[be-btc.com/css/bs_min.css]
[be-btc.com/layui/css/layui.css]
[be-btc.com/register.html]
[be-btc.com/image/rand/gen19.png]
[be-btc.com/forgetpass.html]
[be-btc.com/image/rand/gen13.png]
[be-btc.com/register.html]
